rm: *.so: No such file or directory
rm: *.d: No such file or directory
rm: *.pcm: No such file or directory
   ------------------------------------------------------------------
  | Welcome to ROOT 6.24/06                        https://root.cern |
  | (c) 1995-2021, The ROOT Team; conception: R. Brun, F. Rademakers |
  | Built for macosx64 on Feb 07 2022, 18:03:00                      |
  | From tags/v6-24-06@v6-24-06                                      |
  | With Apple clang version 13.0.0 (clang-1300.0.29.30)             |
  | Try '.help', '.demo', '.license', '.credits', '.quit'/'.q'       |
   ------------------------------------------------------------------

Info in <TMacOSXSystem::ACLiC>: creating shared library /Users/AndreasStokkkeland/FitsAt7and13TeV/outputPutTogetherData/outputDiv/./MultiFit2k7TeV_C.so
Info in <ROOT::Math::ParameterSettings>: lower/upper bounds outside current parameter value. The value will be set to (low+up)/2 

****************************************
Minimizer is Minuit2 / Migrad
Chi2                      =      107.306
NDf                       =          314
Edm                       =  3.38812e-06
NCalls                    =         2863
Par_0                     =      6.58808   +/-   0.35739     
Par_1                     =     -11.5028   +/-   0.985667    
Par_2                     =      3.43387   +/-   0.240769    
Par_3                     =     -4.57768   +/-   0.669838    
Par_4                     =      1.78273   +/-   0.181648    
Par_5                     =      -1.1145   +/-   0.509832    
Par_6                     =     0.925351   +/-   0.14704     
Par_7                     =     0.590015   +/-   0.415556    
Par_8                     =      0.38627   +/-   0.122614    
Par_9                     =       1.6086   +/-   0.348695    
Par_10                    =   -0.0847709   +/-   0.0966755   
Par_11                    =      2.39823   +/-   0.277233    
Par_12                    =    -0.470059   +/-   0.0708183   
Par_13                    =      2.93685   +/-   0.205431    
Par_14                    =     -0.63134   +/-   0.0531383   
Par_15                    =      2.99189   +/-   0.155721    
Par_16                    =    -0.670534   +/-   0.0345037   
Par_17                    =      2.67113   +/-   0.103147    
Par_18                    =          0.1   +/-   0.0183054    	 (limited)
Info in <TCanvas::Print>: eps file Comb2k17TeV.eps has been created
Info in <TH1F::SaveAs>: ROOT file CSoft1.root has been created
Info in <TH1F::SaveAs>: ROOT file CHard1.root has been created
Info in <TH1D::SaveAs>: ROOT file Ck1.root has been created
Info in <ROOT::Math::ParameterSettings>: lower/upper bounds outside current parameter value. The value will be set to (low+up)/2 

****************************************
Minimizer is Minuit2 / Migrad
Chi2                      =      81.2097
NDf                       =          314
Edm                       =  2.72992e-09
NCalls                    =         2569
Par_0                     =      6.80773   +/-   0.503754    
Par_1                     =     -12.1608   +/-   1.37226     
Par_2                     =        3.501   +/-   0.343885    
Par_3                     =     -4.78664   +/-   0.944558    
Par_4                     =      1.77253   +/-   0.259418    
Par_5                     =     -1.09014   +/-   0.719692    
Par_6                     =     0.922241   +/-   0.209711    
Par_7                     =     0.604139   +/-   0.586002    
Par_8                     =       0.3693   +/-   0.175045    
Par_9                     =      1.66723   +/-   0.492455    
Par_10                    =    -0.121016   +/-   0.137355    
Par_11                    =      2.51341   +/-   0.390137    
Par_12                    =    -0.500613   +/-   0.100428    
Par_13                    =      3.03547   +/-   0.28888     
Par_14                    =    -0.649841   +/-   0.0745023   
Par_15                    =      3.05525   +/-   0.216926    
Par_16                    =    -0.677139   +/-   0.0472923   
Par_17                    =      2.69424   +/-   0.140743    
Par_18                    =          0.1   +/-   0.062775     	 (limited)
Warning in <TCanvas::Constructor>: Deleting canvas with same name: Simfit
Info in <TCanvas::Print>: eps file Comb2k27TeV.eps has been created
Info in <TH1F::SaveAs>: ROOT file CSoft2.root has been created
Info in <TH1F::SaveAs>: ROOT file CHard2.root has been created
Info in <TH1D::SaveAs>: ROOT file Ck2.root has been created
Info in <ROOT::Math::ParameterSettings>: lower/upper bounds outside current parameter value. The value will be set to (low+up)/2 

****************************************
Minimizer is Minuit2 / Migrad
Chi2                      =      196.868
NDf                       =          314
Edm                       =  1.20105e-05
NCalls                    =         2744
Par_0                     =       9.5903   +/-   0.64018     
Par_1                     =      -20.193   +/-   1.72622     
Par_2                     =      4.61332   +/-   0.442527    
Par_3                     =     -7.96689   +/-   1.20476     
Par_4                     =      1.96716   +/-   0.331009    
Par_5                     =     -1.63838   +/-   0.909505    
Par_6                     =     0.523225   +/-   0.264283    
Par_7                     =      1.74238   +/-   0.732177    
Par_8                     =    -0.220563   +/-   0.22031     
Par_9                     =      3.36372   +/-   0.614414    
Par_10                    =    -0.808743   +/-   0.172674    
Par_11                    =      4.49911   +/-   0.48604     
Par_12                    =     -1.25962   +/-   0.12197     
Par_13                    =      5.22349   +/-   0.348026    
Par_14                    =     -1.34935   +/-   0.0866999   
Par_15                    =      5.05371   +/-   0.250789    
Par_16                    =     -1.07354   +/-   0.053612    
Par_17                    =      3.81886   +/-   0.157981    
Par_18                    =          0.1   +/-   0.013366     	 (limited)
Warning in <TCanvas::Constructor>: Deleting canvas with same name: Simfit
Info in <TCanvas::Print>: eps file Comb2k37TeV.eps has been created
Info in <TH1F::SaveAs>: ROOT file CSoft3.root has been created
Info in <TH1F::SaveAs>: ROOT file CHard3.root has been created
Info in <TH1D::SaveAs>: ROOT file Ck3.root has been created
Hej
Info in <TCanvas::Print>: eps file cCk7TeV.eps has been created
Info in <TCanvas::Print>: eps file cCH7TeV.eps has been created
Hej
Info in <TCanvas::Print>: eps file cCS7TeV.eps has been created
   ------------------------------------------------------------------
  | Welcome to ROOT 6.24/06                        https://root.cern |
  | (c) 1995-2021, The ROOT Team; conception: R. Brun, F. Rademakers |
  | Built for macosx64 on Feb 07 2022, 18:03:00                      |
  | From tags/v6-24-06@v6-24-06                                      |
  | With Apple clang version 13.0.0 (clang-1300.0.29.30)             |
  | Try '.help', '.demo', '.license', '.credits', '.quit'/'.q'       |
   ------------------------------------------------------------------

Info in <TMacOSXSystem::ACLiC>: creating shared library /Users/AndreasStokkkeland/FitsAt7and13TeV/outputPutTogetherData/outputDiv/./MultiFit2k13TeV_C.so
In file included from input_line_9:6:
././MultiFit2k13TeV.C:461:12: error: redefinition of 'MassesGeV'
    double MassesGeV[3] = {0.1396, 0.4937, 0.9383}; //{pion#pm, kaon#pm, proton} // in GeV
           ^
././MultiFit2k13TeV.C:458:12: note: previous definition is here
    double MassesGeV[3] = {0.0001396, 0.0004937, 0.0009383}; //{pion#pm, kaon#pm, proton} // in TeV
           ^
Error in <ACLiC>: Executing '/Users/AndreasStokkkeland/alice/sw/osx_x86-64/ROOT/v6-24-06-local1/bin/rootcling -v0 "--lib-list-prefix=/Users/AndreasStokkkeland/FitsAt7and13TeV/outputPutTogetherData/outputDiv/MultiFit2k13TeV_C_ACLiC_map" -f "/Users/AndreasStokkkeland/FitsAt7and13TeV/outputPutTogetherData/outputDiv/MultiFit2k13TeV_C_ACLiC_dict.cxx" -I$ROOTSYS/include -isysroot "/Library/Developer/CommandLineTools/SDKs/MacOSX.sdk/" -I"/Users/AndreasStokkkeland/alice/sw/osx_x86-64/AliPhysics/0_O2-local1/include" -I"/Users/AndreasStokkkeland/alice/sw/osx_x86-64/KFParticle/v1.1-4-local1/include" -I"/Users/AndreasStokkkeland/alice/sw/osx_x86-64/treelite/8498081-local1/runtime/native/include" -I"/Users/AndreasStokkkeland/alice/sw/osx_x86-64/treelite/8498081-local1/include" -I"/Users/AndreasStokkkeland/alice/sw/osx_x86-64/RooUnfold/V02-00-01-alice5-local1/include" -I"/Users/AndreasStokkkeland/alice/sw/osx_x86-64/AliRoot/9618b69068f4c435bc50546739f230945cff1d58_O2-local1/include/Pythia8" -I"/Users/AndreasStokkkeland/alice/sw/osx_x86-64/AliRoot/9618b69068f4c435bc50546739f230945cff1d58_O2-local1/include" -I"/Users/AndreasStokkkeland/alice/sw/osx_x86-64/JAliEn-ROOT/0.6.6-local1/include" -I"/Users/AndreasStokkkeland/alice/sw/osx_x86-64/Vc/1.4.1-local1/include" -I"/Users/AndreasStokkkeland/alice/sw/osx_x86-64/GEANT4_VMC/v5-4-local1/include/g4root" -I"/Users/AndreasStokkkeland/alice/sw/osx_x86-64/GEANT4_VMC/v5-4-local1/include/geant4vmc" -I"/Users/AndreasStokkkeland/alice/sw/osx_x86-64/GEANT4_VMC/v5-4-local1/include/mtroot" -I"/Users/AndreasStokkkeland/alice/sw/osx_x86-64/GEANT3/v3-9-local1/include/TGeant3" -I"/Users/AndreasStokkkeland/alice/sw/osx_x86-64/VMC/v1-1-p1-local1/include/vmc" -I"/Users/AndreasStokkkeland/alice/sw/osx_x86-64/fastjet/v3.3.3_1.042-alice1-local1/include" -I"/Users/AndreasStokkkeland/alice/sw/osx_x86-64/TBB/v2021.5.0-local1/include" -I"/Users/AndreasStokkkeland/alice/sw/osx_x86-64/boost/v1.75.0-local1/include" -I"/Users/AndreasStokkkeland/alice/sw/osx_x86-64/ROOT/v6-24-06-local1/etc/" -I"/Users/AndreasStokkkeland/alice/sw/osx_x86-64/ROOT/v6-24-06-local1/etc//cling" -I"/Users/AndreasStokkkeland/alice/sw/osx_x86-64/ROOT/v6-24-06-local1/include/" -I"/Users/AndreasStokkkeland/alice/sw/osx_x86-64/ROOT/v6-24-06-local1/include" -D__ACLIC__  "/Users/AndreasStokkkeland/FitsAt7and13TeV/outputPutTogetherData/outputDiv/./MultiFit2k13TeV.C" "/Users/AndreasStokkkeland/FitsAt7and13TeV/outputPutTogetherData/outputDiv/MultiFit2k13TeV_C_ACLiC_linkdef.h"' failed!
input_line_11:2:3: error: use of undeclared identifier 'combinedFit'
 (combinedFit(1))
  ^
Error in <HandleInterpreterException>: Error evaluating expression (combinedFit(1)).
Execution of your code was aborted.
input_line_13:2:3: error: use of undeclared identifier 'combinedFit'
 (combinedFit(3))
  ^
Error in <HandleInterpreterException>: Error evaluating expression (combinedFit(3)).
Execution of your code was aborted.
input_line_15:2:3: error: use of undeclared identifier 'combinedFit'
 (combinedFit(5))
  ^
Error in <HandleInterpreterException>: Error evaluating expression (combinedFit(5)).
Execution of your code was aborted.
input_line_18:2:3: error: use of undeclared identifier 'AddingHistos'
 (AddingHistos())
  ^
Error in <HandleInterpreterException>: Error evaluating expression (AddingHistos()).
Execution of your code was aborted.
rm: *.so: No such file or directory
rm: *.pcm: No such file or directory
The time of the code 17 s
